<?xml version="1.0" encoding="UTF-8"?>
<!-- Generated by org.testng.reporters.JUnitReportReporter -->
<testsuite hostname="DESKTOP-SBK79B5" failures="0" tests="1" name="test.Browser_Tests" time="11.362" errors="0" timestamp="2020-12-31T09:23:34 MST" skipped="0">
  <testcase classname="test.Browser_Tests" name="BW1" time="11.362"/>
  <system-out/>
</testsuite> <!-- test.Browser_Tests -->
