<?xml version="1.0" encoding="UTF-8"?>
<!-- Generated by org.testng.reporters.JUnitReportReporter -->
<testsuite hostname="DESKTOP-KUCIMR5" failures="0" tests="3" name="test.Alerts_Tests" time="26.649" errors="0" timestamp="2022-01-03T17:22:08 MST" skipped="0">
  <testcase classname="test.Alerts_Tests" name="AL1" time="7.823"/>
  <system-out/>
  <testcase classname="test.Alerts_Tests" name="AL4" time="11.170"/>
  <system-out/>
  <testcase classname="test.Alerts_Tests" name="AL3" time="7.656"/>
  <system-out/>
</testsuite> <!-- test.Alerts_Tests -->
