<?xml version="1.0" encoding="UTF-8"?>
<!-- Generated by org.testng.reporters.JUnitReportReporter -->
<testsuite hostname="DESKTOP-KUCIMR5" failures="0" tests="1" name="test.HomePageTests" time="11.127" errors="0" timestamp="2022-09-26T09:43:32 CDT" skipped="0">
  <testcase classname="test.HomePageTests" name="validateAnchorBraceletInStore" time="11.127"/>
  <system-out/>
</testsuite> <!-- test.HomePageTests -->
