<?xml version="1.0" encoding="UTF-8"?>
<!-- Generated by org.testng.reporters.JUnitReportReporter -->
<testsuite hostname="LAPTOP-PSTVIKQ3" failures="0" tests="2" name="test.Buttons_Tests" time="16.646" errors="0" timestamp="2021-12-29T16:06:26 MST" skipped="0">
  <testcase classname="test.Buttons_Tests" name="BT2" time="10.734"/>
  <system-out/>
  <testcase classname="test.Buttons_Tests" name="BT1" time="5.912"/>
  <system-out/>
</testsuite> <!-- test.Buttons_Tests -->
