<?xml version="1.0" encoding="UTF-8"?>
<!-- Generated by org.testng.reporters.JUnitReportReporter -->
<testsuite hostname="DESKTOP-SBK79B5" failures="0" tests="1" name="test.testMain_TestNG" time="2.320" errors="0" timestamp="2020-09-04T15:20:18 MDT" skipped="0">
  <testcase classname="test.testMain_TestNG" name="textBoxForm" time="2.320"/>
  <system-out/>
</testsuite> <!-- test.testMain_TestNG -->
