<?xml version="1.0" encoding="UTF-8"?>
<!-- Generated by org.testng.reporters.JUnitReportReporter -->
<testsuite hostname="DESKTOP-SBK79B5" failures="0" tests="2" name="test.Buttons_Tests" time="19.176" errors="0" timestamp="2020-12-31T09:23:34 MST" skipped="0">
  <testcase classname="test.Buttons_Tests" name="BT2" time="9.299"/>
  <system-out/>
  <testcase classname="test.Buttons_Tests" name="BT1" time="9.877"/>
  <system-out/>
</testsuite> <!-- test.Buttons_Tests -->
