<?xml version="1.0" encoding="UTF-8"?>
<!-- Generated by org.testng.reporters.JUnitReportReporter -->
<testsuite hostname="DESKTOP-SBK79B5" failures="0" tests="2" name="test.TextBox_Tests" time="19.922" errors="0" timestamp="2020-12-31T09:23:34 MST" skipped="0">
  <testcase classname="test.TextBox_Tests" name="TB2" time="9.035"/>
  <system-out/>
  <testcase classname="test.TextBox_Tests" name="TB1" time="10.887"/>
  <system-out/>
</testsuite> <!-- test.TextBox_Tests -->
