<?xml version="1.0" encoding="UTF-8"?>
<!-- Generated by org.testng.reporters.JUnitReportReporter -->
<testsuite hostname="DESKTOP-KUCIMR5" failures="0" tests="2" name="test.Buttons_Tests" time="60.436" errors="0" timestamp="2022-01-28T12:01:29 EST" skipped="0">
  <testcase classname="test.Buttons_Tests" name="BT2" time="32.569"/>
  <system-out/>
  <testcase classname="test.Buttons_Tests" name="BT1" time="27.867"/>
  <system-out/>
</testsuite> <!-- test.Buttons_Tests -->
