<?xml version="1.0" encoding="UTF-8"?>
<!-- Generated by org.testng.reporters.JUnitReportReporter -->
<testsuite hostname="DESKTOP-SBK79B5" failures="0" tests="2" name="test.TextBox_Tests" time="16.933" errors="0" timestamp="2020-12-26T11:06:36 MST" skipped="0">
  <testcase classname="test.TextBox_Tests" name="TB2" time="9.050"/>
  <system-out/>
  <testcase classname="test.TextBox_Tests" name="TB1" time="7.883"/>
  <system-out/>
</testsuite> <!-- test.TextBox_Tests -->
