<?xml version="1.0" encoding="UTF-8"?>
<!-- Generated by org.testng.reporters.JUnitReportReporter -->
<testsuite hostname="LAPTOP-PSTVIKQ3" failures="0" tests="2" name="test.TextBox_Tests" time="13.156" errors="0" timestamp="2021-12-29T16:06:26 MST" skipped="0">
  <testcase classname="test.TextBox_Tests" name="TB1" time="6.109"/>
  <system-out/>
  <testcase classname="test.TextBox_Tests" name="TB2" time="7.047"/>
  <system-out/>
</testsuite> <!-- test.TextBox_Tests -->
