<?xml version="1.0" encoding="UTF-8"?>
<!-- Generated by org.testng.reporters.JUnitReportReporter -->
<testsuite hostname="LAPTOP-PSTVIKQ3" failures="0" tests="1" name="test.Browser_Tests" time="7.333" errors="0" timestamp="2021-12-29T16:06:26 MST" skipped="0">
  <testcase classname="test.Browser_Tests" name="BW1" time="7.333"/>
  <system-out/>
</testsuite> <!-- test.Browser_Tests -->
