<?xml version="1.0" encoding="UTF-8"?>
<!-- Generated by org.testng.reporters.JUnitReportReporter -->
<testsuite hostname="DESKTOP-KUCIMR5" failures="0" tests="2" name="test.TextBox_Tests" time="13.041" errors="0" timestamp="2022-01-03T17:22:08 MST" skipped="0">
  <testcase classname="test.TextBox_Tests" name="TB1" time="3.869"/>
  <system-out/>
  <testcase classname="test.TextBox_Tests" name="TB2" time="9.172"/>
  <system-out/>
</testsuite> <!-- test.TextBox_Tests -->
