<?xml version="1.0" encoding="UTF-8"?>
<!-- Generated by org.testng.reporters.JUnitReportReporter -->
<testsuite hostname="DESKTOP-SBK79B5" failures="0" tests="4" name="test.Alerts_Tests" time="41.568" errors="0" timestamp="2020-12-31T09:23:34 MST" skipped="0">
  <testcase classname="test.Alerts_Tests" name="AL1" time="6.156"/>
  <system-out/>
  <testcase classname="test.Alerts_Tests" name="AL4" time="7.214"/>
  <system-out/>
  <testcase classname="test.Alerts_Tests" name="AL3" time="6.977"/>
  <system-out/>
  <testcase classname="test.Alerts_Tests" name="AL2" time="21.221"/>
  <system-out/>
</testsuite> <!-- test.Alerts_Tests -->
