<?xml version="1.0" encoding="UTF-8"?>
<!-- Generated by org.testng.reporters.JUnitReportReporter -->
<testsuite hostname="DESKTOP-KUCIMR5" failures="0" tests="1" name="test.Browser_Tests" time="5.007" errors="0" timestamp="2022-01-03T17:22:08 MST" skipped="0">
  <testcase classname="test.Browser_Tests" name="BW1" time="5.007"/>
  <system-out/>
</testsuite> <!-- test.Browser_Tests -->
