<?xml version="1.0" encoding="UTF-8"?>
<!-- Generated by org.testng.reporters.JUnitReportReporter -->
<testsuite hostname="DESKTOP-KUCIMR5" failures="0" tests="1" name="test.Browser_Tests" time="30.089" errors="0" timestamp="2022-01-28T12:01:29 EST" skipped="0">
  <testcase classname="test.Browser_Tests" name="BW1" time="30.089"/>
  <system-out/>
</testsuite> <!-- test.Browser_Tests -->
