<?xml version="1.0" encoding="UTF-8"?>
<!-- Generated by org.testng.reporters.JUnitReportReporter -->
<testsuite hostname="DESKTOP-KUCIMR5" failures="0" tests="2" name="test.Buttons_Tests" time="13.823" errors="0" timestamp="2022-01-03T17:22:08 MST" skipped="0">
  <testcase classname="test.Buttons_Tests" name="BT2" time="7.747"/>
  <system-out/>
  <testcase classname="test.Buttons_Tests" name="BT1" time="6.076"/>
  <system-out/>
</testsuite> <!-- test.Buttons_Tests -->
