<?xml version="1.0" encoding="UTF-8"?>
<!-- Generated by org.testng.reporters.JUnitReportReporter -->
<testsuite hostname="DESKTOP-KUCIMR5" failures="0" tests="3" name="test.Alerts_Tests" time="125.060" errors="0" timestamp="2022-01-28T12:01:29 EST" skipped="0">
  <testcase classname="test.Alerts_Tests" name="AL3" time="56.345"/>
  <system-out/>
  <testcase classname="test.Alerts_Tests" name="AL1" time="28.556"/>
  <system-out/>
  <testcase classname="test.Alerts_Tests" name="AL4" time="40.159"/>
  <system-out/>
</testsuite> <!-- test.Alerts_Tests -->
