<?xml version="1.0" encoding="UTF-8"?>
<!-- Generated by org.testng.reporters.JUnitReportReporter -->
<testsuite hostname="DESKTOP-SBK79B5" failures="0" tests="2" name="test.Alerts_Tests" time="22.605" errors="0" timestamp="2020-12-26T11:06:36 MST" skipped="0">
  <testcase classname="test.Alerts_Tests" name="AL1" time="8.557"/>
  <system-out/>
  <testcase classname="test.Alerts_Tests" name="AL2" time="14.048"/>
  <system-out/>
</testsuite> <!-- test.Alerts_Tests -->
